961  [main] INFO  com.example.Pr19.Pr19Application
                – Starting Pr19Application using Java 15.0.2 on DESKTOP-K7IN7AN with PID 12176 (C:\Users\killi\IdeaProjects\Pr19\build\classes\java\main started by killi in C:\Users\killi\IdeaProjects\Pr19)
969  [main] INFO  com.example.Pr19.Pr19Application
                – No active profile set, falling back to default profiles: default
2023 [main] INFO  o.s.d.r.c.RepositoryConfigurationDelegate
                – Bootstrapping Spring Data JPA repositories in DEFAULT mode.
2121 [main] INFO  o.s.d.r.c.RepositoryConfigurationDelegate
                – Finished Spring Data repository scanning in 87 ms. Found 2 JPA repository interfaces.
2765 [main] INFO  o.s.b.w.e.tomcat.TomcatWebServer
                – Tomcat initialized with port(s): 8080 (http)
2775 [main] INFO  o.a.coyote.http11.Http11NioProtocol
                – Initializing ProtocolHandler ["http-nio-8080"]
2776 [main] INFO  o.a.catalina.core.StandardService
                – Starting service [Tomcat]
2776 [main] INFO  o.a.catalina.core.StandardEngine
                – Starting Servlet engine: [Apache Tomcat/9.0.45]
2928 [main] INFO  o.a.c.c.C.[Tomcat].[localhost].[/]
                – Initializing Spring embedded WebApplicationContext
2929 [main] INFO  o.s.b.w.s.c.ServletWebServerApplicationContext
                – Root WebApplicationContext: initialization completed in 1779 ms
3120 [main] INFO  com.zaxxer.hikari.HikariDataSource
                – HikariPool-1 - Starting...
3342 [main] INFO  com.zaxxer.hikari.HikariDataSource
                – HikariPool-1 - Start completed.
3401 [main] INFO  o.h.jpa.internal.util.LogHelper
                – HHH000204: Processing PersistenceUnitInfo [name: default]
3460 [main] INFO  org.hibernate.Version
                – HHH000412: Hibernate ORM core version 5.4.30.Final
3660 [main] INFO  o.h.annotations.common.Version
                – HCANN000001: Hibernate Commons Annotations {5.1.2.Final}
3837 [main] INFO  org.hibernate.dialect.Dialect
                – HHH000400: Using dialect: org.hibernate.dialect.PostgreSQL10Dialect
5011 [main] INFO  o.h.e.t.j.p.i.JtaPlatformInitiator
                – HHH000490: Using JtaPlatform implementation: [org.hibernate.engine.transaction.jta.platform.internal.NoJtaPlatform]
5022 [main] INFO  o.s.o.j.LocalContainerEntityManagerFactoryBean
                – Initialized JPA EntityManagerFactory for persistence unit 'default'
5515 [main] WARN  o.s.b.a.o.j.JpaBaseConfiguration$JpaWebConfiguration
                – spring.jpa.open-in-view is enabled by default. Therefore, database queries may be performed during view rendering. Explicitly configure spring.jpa.open-in-view to disable this warning
5656 [main] INFO  o.s.s.c.ThreadPoolTaskExecutor
                – Initializing ExecutorService 'applicationTaskExecutor'
5975 [main] INFO  o.a.coyote.http11.Http11NioProtocol
                – Starting ProtocolHandler ["http-nio-8080"]
5999 [main] INFO  o.s.b.w.e.tomcat.TomcatWebServer
                – Tomcat started on port(s): 8080 (http) with context path ''
6014 [main] INFO  com.example.Pr19.Pr19Application
                – Started Pr19Application in 5.522 seconds (JVM running for 6.581)
69213 [http-nio-8080-exec-1] INFO  o.a.c.c.C.[Tomcat].[localhost].[/]
                – Initializing Spring DispatcherServlet 'dispatcherServlet'
69214 [http-nio-8080-exec-1] INFO  o.s.web.servlet.DispatcherServlet
                – Initializing Servlet 'dispatcherServlet'
69215 [http-nio-8080-exec-1] INFO  o.s.web.servlet.DispatcherServlet
                – Completed initialization in 1 ms
69243 [http-nio-8080-exec-1] INFO  c.example.Pr19.service.BankService
                – Method getAllBanks has been started...
